<?xml version="1.0" encoding="UTF-8"?>
<testsuite name="key.emr.ittia.data.DatabaseManagerTest" tests="3" skipped="0" failures="0" errors="0" timestamp="2026-04-09T03:10:45.359Z" hostname="ittia-VMware-Virtual-Platform" time="0.323">
  <properties/>
  <testcase name="updatePrompt()" classname="key.emr.ittia.data.DatabaseManagerTest" time="0.279"/>
  <testcase name="deletePrompt()" classname="key.emr.ittia.data.DatabaseManagerTest" time="0.024"/>
  <testcase name="addAndLoadPrompt()" classname="key.emr.ittia.data.DatabaseManagerTest" time="0.015"/>
  <system-out><![CDATA[]]></system-out>
  <system-err><![CDATA[]]></system-err>
</testsuite>
